DiagnosticsPlugin.exe Information: 0 : [10/20/2015 4:43:12 PM] Starting DiagnosticPlugin.exe DiagnosticPlugin-ShutdownEvent DiagnosticPlugin-TotalShutdownEvent -wadVer1v4
DiagnosticsPlugin.exe Information: 0 : [10/20/2015 4:43:12 PM] Successfully saved IIS Directory state
DiagnosticsPlugin.exe Information: 0 : [10/20/2015 4:43:12 PM] Starting DiagnosticsPlugin
DiagnosticsPlugin.exe Information: 0 : [10/20/2015 4:43:12 PM] Emulator config file set to C:\Users\24666\Documents\Visual Studio 2013\Projects\self\ELS\EventProcessor\csx\Release\roles\ReceiverRole\approot\diagnostics.wadcfgx
DiagnosticsPlugin.exe Information: 0 : [10/20/2015 4:43:12 PM] DiagnosticsStoreRootPath set to: C:\Users\24666\AppData\Local\dftmp\Resources\5f4c9510-14ee-4586-9bf7-2f83a9272187
DiagnosticsPlugin.exe Information: 0 : [10/20/2015 4:43:12 PM] Loading config file: C:\Users\24666\Documents\Visual Studio 2013\Projects\self\ELS\EventProcessor\csx\Release\roles\ReceiverRole\approot\diagnostics.wadcfgx
DiagnosticsPlugin.exe Information: 0 : [10/20/2015 4:43:12 PM] Checking VM Type
DiagnosticsPlugin.exe Information: 0 : [10/20/2015 4:43:12 PM] Emulator config file set to C:\Users\24666\Documents\Visual Studio 2013\Projects\self\ELS\EventProcessor\csx\Release\roles\ReceiverRole\approot\diagnostics.wadcfgx
DiagnosticsPlugin.exe Information: 0 : [10/20/2015 4:43:12 PM] Extension set to Emulator Mode
DiagnosticsPlugin.exe Information: 0 : [10/20/2015 4:43:12 PM] Reading XML configuration file
DiagnosticsPlugin.exe Information: 0 : [10/20/2015 4:43:12 PM] Bypassing private config decryption
DiagnosticsPlugin.exe Information: 0 : [10/20/2015 4:43:12 PM] WadCfg is provided in initial configuration. Using that to initialize Diagnostics.
DiagnosticsPlugin.exe Information: 0 : [10/20/2015 4:43:12 PM] <PublicConfig xmlns="http://schemas.microsoft.com/ServiceHosting/2010/10/DiagnosticsConfiguration">
  <WadCfg>
    <DiagnosticMonitorConfiguration overallQuotaInMB="4096">
      <DiagnosticInfrastructureLogs scheduledTransferLogLevelFilter="Error" />
      <Directories scheduledTransferPeriod="PT1M">
        <IISLogs containerName="wad-iis-logfiles" />
        <FailedRequestLogs containerName="wad-failedrequestlogs" />
      </Directories>
      <PerformanceCounters scheduledTransferPeriod="PT1M">
        <PerformanceCounterConfiguration counterSpecifier="\Memory\Available MBytes" sampleRate="PT3M" />
        <PerformanceCounterConfiguration counterSpecifier="\Web Service(_Total)\ISAPI Extension Requests/sec" sampleRate="PT3M" />
        <PerformanceCounterConfiguration counterSpecifier="\Web Service(_Total)\Bytes Total/Sec" sampleRate="PT3M" />
        <PerformanceCounterConfiguration counterSpecifier="\ASP.NET Applications(__Total__)\Requests/Sec" sampleRate="PT3M" />
        <PerformanceCounterConfiguration counterSpecifier="\ASP.NET Applications(__Total__)\Errors Total/Sec" sampleRate="PT3M" />
        <PerformanceCounterConfiguration counterSpecifier="\ASP.NET\Requests Queued" sampleRate="PT3M" />
        <PerformanceCounterConfiguration counterSpecifier="\ASP.NET\Requests Rejected" sampleRate="PT3M" />
        <PerformanceCounterConfiguration counterSpecifier="\Processor(_Total)\% Processor Time" sampleRate="PT3M" />
      </PerformanceCounters>
      <WindowsEventLog scheduledTransferPeriod="PT1M">
        <DataSource name="Application!*" />
      </WindowsEventLog>
      <CrashDumps>
        <CrashDumpConfiguration processName="WaIISHost.exe" />
        <CrashDumpConfiguration processName="WaWorkerHost.exe" />
        <CrashDumpConfiguration processName="w3wp.exe" />
      </CrashDumps>
      <Logs scheduledTransferPeriod="PT1M" scheduledTransferLogLevelFilter="Error" />
    </DiagnosticMonitorConfiguration>
  </WadCfg>
  <StorageAccount>devstoreaccount1</StorageAccount>
</PublicConfig>
DiagnosticsPlugin.exe Information: 0 : [10/20/2015 4:43:12 PM] Private setting is loaded
DiagnosticsPlugin.exe Information: 0 : [10/20/2015 4:43:12 PM] Successfully created checkpoint file C:\Users\24666\AppData\Local\dftmp\Resources\5f4c9510-14ee-4586-9bf7-2f83a9272187\WAD0104\Configuration\Checkpoint.txt
DiagnosticsPlugin.exe Information: 0 : [10/20/2015 4:43:12 PM] Will use local resource directory C:\Users\24666\AppData\Local\dftmp\Resources\5f4c9510-14ee-4586-9bf7-2f83a9272187\WAD0104
DiagnosticsPlugin.exe Information: 0 : [10/20/2015 4:43:12 PM] Will use endpoint https://core.windows.net for storage.
DiagnosticsPlugin.exe Information: 0 : [10/20/2015 4:43:13 PM] Expanding path %SystemDrive%\inetpub\logs\LogFiles to C:\inetpub\logs\LogFiles
DiagnosticsPlugin.exe Information: 0 : [10/20/2015 4:43:13 PM] Expanding path %SystemDrive%\inetpub\logs\FailedReqLogFiles to C:\inetpub\logs\FailedReqLogFiles
DiagnosticsPlugin.exe Information: 0 : [10/20/2015 4:43:13 PM] Created IIS log watch item: "C:\inetpub\logs\LogFiles"
DiagnosticsPlugin.exe Information: 0 : [10/20/2015 4:43:13 PM] Created IIS failed requests watch item: "C:\inetpub\logs\FailedReqLogFiles"
DiagnosticsPlugin.exe Information: 0 : [10/20/2015 4:43:13 PM] Running in emulator mode, crash dumps not enabled
DiagnosticsPlugin.exe Information: 0 : [10/20/2015 4:43:13 PM] In emulator mode and using devstore updating XStoreAccount info, command line args: -LocalPath "C:\Users\24666\AppData\Local\dftmp\Resources\5f4c9510-14ee-4586-9bf7-2f83a9272187\WAD0104"  -ConfigFile "C:\Users\24666\AppData\Local\dftmp\Resources\5f4c9510-14ee-4586-9bf7-2f83a9272187\WAD0104\Configuration\MaConfig.xml" -ShutDownEvent WADDM-ShutDown-b86200807a7d45b6be57abdf3e8dd0d2  -TotalShutDownEvent WADDM-TotalShutDown-b86200807a7d45b6be57abdf3e8dd0d2 -InitializedEvent WADM-StartUp-b86200807a7d45b6be57abdf3e8dd0d2 -parent 15096 -events -wadVer1v4 -UseProxyServer -XStoreAccounts WadAccount#true#devstoreaccount1#Eby8vdM02xNOcqFlqUwJPLlmEtlCDXJ1OUzFT50uSRZ6IFsuFq2UVErCz4I6tq/K1SZFPTOtr/KBHBeksoGMGw==#http://127.0.0.1:10002#http://127.0.0.1:10001#http://127.0.0.1:10000
DiagnosticsPlugin.exe Information: 0 : [10/20/2015 4:44:13 PM] MonAgentHost.exe started
DiagnosticsPlugin.exe Information: 0 : [10/20/2015 4:44:13 PM] DiagnoticsPlugin started.
DiagnosticsPlugin.exe Information: 0 : [10/20/2015 4:44:13 PM] DiagnoticsPlugin now waiting on events "DiagnosticPlugin-ShutdownEvent", "DiagnosticPlugin-TotalShutdownEvent" or "DiagnosticPlugin-RestartEvent".
